<?xml version="1.0" encoding="UTF-8"?>
<!-- Generated by org.testng.reporters.JUnitXMLReporter -->
<testsuite ignored="4" hostname="Ant-gurpreet-ATR999" failures="1" tests="3" name="Test" time="61.431" errors="0" timestamp="2024-05-30T14:59:14 IST">
  <testcase classname="com.QA.TestCases.JoinTheCommunityTC" name="VerifyUserSignUpProcessTC" time="27.072"/>
  <testcase classname="com.QA.TestCases.VerifyEmailAddressTC" name="VerifyUserEmailAddressTC" time="21.614">
    <failure type="com.mailosaur.MailosaurException" message="No matching messages found in time. By default, only messages received in the last hour are checked (use receivedAfter to override this).">
      <![CDATA[com.mailosaur.MailosaurException: No matching messages found in time. By default, only messages received in the last hour are checked (use receivedAfter to override this).
at com.mailosaur.Messages.search(Messages.java:345)
at com.mailosaur.Messages.get(Messages.java:55)
at com.QA.TestCases.VerifyEmailAddressTC.VerifyUserEmailAddressTC(VerifyEmailAddressTC.java:44)
at java.base/java.util.ArrayList.forEach(ArrayList.java:1511)
... Removed 27 stack frames]]>
    </failure>
  </testcase> <!-- VerifyUserEmailAddressTC -->
  <testcase classname="com.QA.TestCases.UserLoginTC" name="VerifyUserLoginTC" time="10.553"/>
  <testcase classname="com.QA.BaseClass.BaseClass" name="@AfterSuite SendEmail" time="0.0">
    <ignored/>
  </testcase> <!-- @AfterSuite SendEmail -->
  <testcase classname="com.QA.BaseClass.BaseClass" name="@AfterSuite SendEmail" time="0.0">
    <ignored/>
  </testcase> <!-- @AfterSuite SendEmail -->
  <testcase classname="com.QA.BaseClass.BaseClass" name="@BeforeSuite setup" time="0.0">
    <ignored/>
  </testcase> <!-- @BeforeSuite setup -->
  <testcase classname="com.QA.BaseClass.BaseClass" name="@BeforeSuite setup" time="0.0">
    <ignored/>
  </testcase> <!-- @BeforeSuite setup -->
</testsuite> <!-- Test -->
