<?xml version="1.0" encoding="UTF-8"?>
<testng-results ignored="0" total="1" passed="1" failed="0" skipped="0">
  <reporter-output>
  </reporter-output>
  <suite started-at="2024-05-30T15:27:40 IST" name="Default suite" finished-at="2024-05-30T15:28:10 IST" duration-ms="30358">
    <groups>
    </groups>
    <test started-at="2024-05-30T15:27:40 IST" name="Default test" finished-at="2024-05-30T15:28:10 IST" duration-ms="30358">
      <class name="com.QA.TestCases.VerifyEmailAddressTC">
        <test-method is-config="true" signature="setup()[pri:0, instance:com.QA.TestCases.VerifyEmailAddressTC@5afa3c9]" started-at="2024-05-30T15:27:37 IST" name="setup" finished-at="2024-05-30T15:27:40 IST" duration-ms="2457" status="PASS">
          <reporter-output>
          </reporter-output>
        </test-method> <!-- setup -->
        <test-method signature="VerifyUserEmailAddressTC(java.lang.String,java.lang.String,java.lang.String,java.lang.String)[pri:0, instance:com.QA.TestCases.VerifyEmailAddressTC@5afa3c9]" started-at="2024-05-30T15:27:41 IST" name="VerifyUserEmailAddressTC" data-provider="AllData" finished-at="2024-05-30T15:28:10 IST" duration-ms="29143" status="PASS">
          <params>
            <param index="0">
              <value>
                <![CDATA[gurpreet4@dz7r9pwf.mailosaur.net]]>
              </value>
            </param>
            <param index="1">
              <value>
                <![CDATA[Abc@12345]]>
              </value>
            </param>
            <param index="2">
              <value>
                <![CDATA[gurpreetz4]]>
              </value>
            </param>
            <param index="3">
              <value>
                <![CDATA[]]>
              </value>
            </param>
          </params>
          <reporter-output>
          </reporter-output>
        </test-method> <!-- VerifyUserEmailAddressTC -->
        <test-method is-config="true" signature="tearDown()[pri:0, instance:com.QA.TestCases.VerifyEmailAddressTC@5afa3c9]" started-at="2024-05-30T15:28:10 IST" name="tearDown" finished-at="2024-05-30T15:28:10 IST" duration-ms="1" status="PASS">
          <reporter-output>
          </reporter-output>
        </test-method> <!-- tearDown -->
        <test-method is-config="true" signature="SendEmail()[pri:0, instance:com.QA.TestCases.VerifyEmailAddressTC@5afa3c9]" started-at="2024-05-30T15:28:10 IST" name="SendEmail" finished-at="2024-05-30T15:28:14 IST" duration-ms="4514" status="PASS">
          <reporter-output>
          </reporter-output>
        </test-method> <!-- SendEmail -->
      </class> <!-- com.QA.TestCases.VerifyEmailAddressTC -->
    </test> <!-- Default test -->
  </suite> <!-- Default suite -->
</testng-results>
